INFO: [VRFC 10-163] Analyzing VHDL file "C:/Users/dylan_000/Desktop/ENSEA/Projet/Alarme/Alarme.srcs/sources_1/new/Detection_FIN.vhd" into library xil_defaultlib
INFO: [VRFC 10-307] analyzing entity Detection_FIN
INFO: [VRFC 10-163] Analyzing VHDL file "C:/Users/dylan_000/Desktop/ENSEA/Projet/Alarme/Alarme.srcs/sources_1/new/Compteur.vhd" into library xil_defaultlib
INFO: [VRFC 10-307] analyzing entity Compteur
INFO: [VRFC 10-163] Analyzing VHDL file "C:/Users/dylan_000/Desktop/ENSEA/Projet/Alarme/Alarme.srcs/sources_1/new/Commande_Compteur.vhd" into library xil_defaultlib
INFO: [VRFC 10-307] analyzing entity Commande_Compteur
INFO: [VRFC 10-163] Analyzing VHDL file "C:/Users/dylan_000/Desktop/ENSEA/Projet/Alarme/Alarme.srcs/sources_1/new/TEMPO_50us.vhd" into library xil_defaultlib
INFO: [VRFC 10-307] analyzing entity TEMPO_50us
INFO: [VRFC 10-163] Analyzing VHDL file "C:/Users/dylan_000/Desktop/ENSEA/Projet/Alarme/Alarme.srcs/sources_1/new/GEST_gen.vhd" into library xil_defaultlib
INFO: [VRFC 10-307] analyzing entity GEST_gen
INFO: [VRFC 10-163] Analyzing VHDL file "C:/Users/dylan_000/Desktop/ENSEA/Projet/Alarme/Alarme.srcs/sources_1/new/GEN_BitSignal.vhd" into library xil_defaultlib
INFO: [VRFC 10-307] analyzing entity GEN_BitSignal
INFO: [VRFC 10-163] Analyzing VHDL file "C:/Users/dylan_000/Desktop/ENSEA/Projet/Alarme/Alarme.srcs/sources_1/new/FDE.vhd" into library xil_defaultlib
INFO: [VRFC 10-307] analyzing entity FDE
INFO: [VRFC 10-163] Analyzing VHDL file "C:/Users/dylan_000/Desktop/ENSEA/Projet/Alarme/Alarme.srcs/sources_1/new/CMPT_1toNmax.vhd" into library xil_defaultlib
INFO: [VRFC 10-307] analyzing entity CMPT_1toNmax
INFO: [VRFC 10-163] Analyzing VHDL file "C:/Users/dylan_000/Desktop/ENSEA/Projet/Alarme/Alarme.srcs/sources_1/new/CMPT3.vhd" into library xil_defaultlib
INFO: [VRFC 10-307] analyzing entity CMPT3
INFO: [VRFC 10-163] Analyzing VHDL file "C:/Users/dylan_000/Desktop/ENSEA/Projet/Alarme/Alarme.srcs/sources_1/new/CMPT2.vhd" into library xil_defaultlib
INFO: [VRFC 10-307] analyzing entity CMPT2
INFO: [VRFC 10-163] Analyzing VHDL file "C:/Users/dylan_000/Desktop/ENSEA/Projet/Alarme/Alarme.srcs/sources_1/new/CMPT1.vhd" into library xil_defaultlib
INFO: [VRFC 10-307] analyzing entity CMPT1
INFO: [VRFC 10-163] Analyzing VHDL file "C:/Users/dylan_000/Desktop/ENSEA/Projet/Alarme/Alarme.srcs/sources_1/new/Attente_1_front.vhd" into library xil_defaultlib
INFO: [VRFC 10-307] analyzing entity Attente_1_front
INFO: [VRFC 10-163] Analyzing VHDL file "C:/Users/dylan_000/Desktop/ENSEA/Projet/Alarme/Alarme.srcs/sources_1/new/LEDS.vhd" into library xil_defaultlib
INFO: [VRFC 10-307] analyzing entity LEDS
INFO: [VRFC 10-163] Analyzing VHDL file "C:/Users/dylan_000/Desktop/ENSEA/Projet/Alarme/Alarme.srcs/sources_1/new/GEN_NPSIGNAL.vhd" into library xil_defaultlib
INFO: [VRFC 10-307] analyzing entity GEN_NPSIGNAL
INFO: [VRFC 10-163] Analyzing VHDL file "C:/Users/dylan_000/Desktop/ENSEA/Projet/Alarme/Alarme.srcs/sources_1/new/CMPT4.vhd" into library xil_defaultlib
INFO: [VRFC 10-307] analyzing entity CMPT4
INFO: [VRFC 10-163] Analyzing VHDL file "C:/Users/dylan_000/Desktop/ENSEA/Projet/Alarme/Alarme.srcs/sources_1/new/FDE2.vhd" into library xil_defaultlib
INFO: [VRFC 10-307] analyzing entity FDE2
INFO: [VRFC 10-163] Analyzing VHDL file "C:/Users/dylan_000/Desktop/ENSEA/Projet/Alarme/Alarme.srcs/sources_1/new/DFM.vhd" into library xil_defaultlib
INFO: [VRFC 10-307] analyzing entity DFM
INFO: [VRFC 10-163] Analyzing VHDL file "C:/Users/dylan_000/Desktop/ENSEA/Projet/Alarme/Alarme.srcs/sources_1/new/CLK_50Hz.vhd" into library xil_defaultlib
INFO: [VRFC 10-307] analyzing entity CLK_50Hz
INFO: [VRFC 10-163] Analyzing VHDL file "C:/Users/dylan_000/Desktop/ENSEA/Projet/Alarme/Alarme.srcs/sources_1/new/Alarme.vhd" into library xil_defaultlib
INFO: [VRFC 10-307] analyzing entity Alarme
INFO: [VRFC 10-163] Analyzing VHDL file "C:/Users/dylan_000/Desktop/ENSEA/Projet/Alarme/Alarme.srcs/sources_1/new/NEOPIXEL.vhd" into library xil_defaultlib
INFO: [VRFC 10-307] analyzing entity NEOPIXEL
INFO: [VRFC 10-163] Analyzing VHDL file "C:/Users/dylan_000/Desktop/ENSEA/Projet/Alarme/Alarme.srcs/sources_1/new/Cerberus.vhd" into library xil_defaultlib
INFO: [VRFC 10-307] analyzing entity Cerberus
INFO: [VRFC 10-163] Analyzing VHDL file "C:/Users/dylan_000/Desktop/ENSEA/Projet/Alarme/Alarme.srcs/sim_1/new/Cerberus_tb.vhd" into library xil_defaultlib
INFO: [VRFC 10-307] analyzing entity Cerberus_tb
