#-----------------------------------------------------------
# Vivado v2016.3 (64-bit)
# SW Build 1682563 on Mon Oct 10 19:07:27 MDT 2016
# IP Build 1681267 on Mon Oct 10 21:28:31 MDT 2016
# Start of session at: Fri Apr 07 13:24:53 2017
# Process ID: 10644
# Current directory: C:/Users/dylan_000/Desktop/ENSEA/Projet/Alarme
# Command line: vivado.exe -gui_launcher_event rodinguilauncherevent8980 C:\Users\dylan_000\Desktop\ENSEA\Projet\Alarme\Alarme.xpr
# Log file: C:/Users/dylan_000/Desktop/ENSEA/Projet/Alarme/vivado.log
# Journal file: C:/Users/dylan_000/Desktop/ENSEA/Projet/Alarme\vivado.jou
#-----------------------------------------------------------
start_gui
open_project C:/Users/dylan_000/Desktop/ENSEA/Projet/Alarme/Alarme.xpr
Scanning sources...
Finished scanning sources
WARNING: [filemgmt 56-3] IP Output Repository Path: Could not find the directory 'C:/Users/dylan_000/Desktop/ENSEA/Projet/Alarme/Alarme.cache/ip'.
INFO: [IP_Flow 19-234] Refreshing IP repositories
INFO: [IP_Flow 19-1704] No user IP repositories specified
INFO: [IP_Flow 19-2313] Loaded Vivado IP repository 'C:/Xilinx/Vivado/2016.3/data/ip'.
open_project: Time (s): cpu = 00:00:30 ; elapsed = 00:00:34 . Memory (MB): peak = 740.184 ; gain = 106.773
exit
INFO: [Common 17-206] Exiting Vivado at Fri Apr 07 13:27:41 2017...
